2018-08-12 23:13:31,326 [Worker-4: Loading available Gradle versions] INFO  c.g.t.t.d.PublishedGradleVersions - Gradle version information cache is up-to-date. Trying to read.
2018-08-12 23:15:48,083 [Worker-0: Importing Maven projects] INFO  o.e.m.c.i.l.LifecycleMappingFactory - Using org.eclipse.m2e.jdt.JarLifecycleMapping lifecycle mapping for MavenProject: com.rfxcel.em:server:0.0.1-SNAPSHOT @ C:\githome\barcode\server\pom.xml.
2018-08-12 23:15:49,712 [Worker-0: Importing Maven projects] INFO  o.e.m.j.i.AbstractJavaProjectConfigurator - Adding source folder /server/src/main/java
2018-08-12 23:15:49,713 [Worker-0: Importing Maven projects] INFO  o.e.m.j.i.AbstractJavaProjectConfigurator - Adding resource folder /server/src/main/resources
2018-08-12 23:15:49,719 [Worker-0: Importing Maven projects] INFO  o.e.m.j.i.AbstractJavaProjectConfigurator - Adding resource folder /server/src/main/resources
2018-08-12 23:15:49,725 [Worker-0: Importing Maven projects] INFO  o.e.m.j.i.AbstractJavaProjectConfigurator - Adding source folder /server/src/test/java
2018-08-12 23:15:51,065 [Worker-0: Importing Maven projects] INFO  o.e.m.c.i.p.ProjectConfigurationManager - Imported and configured 1 project(s) in 6 sec
2018-08-12 23:15:51,794 [Worker-13: Building workspace] INFO  o.e.m.c.i.embedder.EclipseLogger - Using 'UTF-8' encoding to copy filtered resources.
2018-08-12 23:15:51,797 [Worker-13: Building workspace] INFO  o.e.m.c.i.embedder.EclipseLogger - Copying 1 resource
2018-08-12 23:15:51,808 [Worker-13: Building workspace] INFO  o.e.m.c.i.embedder.EclipseLogger - Copying 0 resource
2018-08-12 23:15:51,809 [Worker-13: Building workspace] INFO  o.e.m.c.i.embedder.EclipseLogger - Using 'UTF-8' encoding to copy filtered resources.
2018-08-12 23:15:51,810 [Worker-13: Building workspace] INFO  o.e.m.c.i.embedder.EclipseLogger - skip non existing resourceDirectory C:\githome\barcode\server\src\test\resources
2018-08-12 23:16:10,640 [Worker-4: Launching Executing install in C__githome_barcode_server] INFO  o.e.m.i.launch.MavenLaunchDelegate - C:\githome\barcode\server
2018-08-12 23:16:10,640 [Worker-4: Launching Executing install in C__githome_barcode_server] INFO  o.e.m.i.launch.MavenLaunchDelegate -  mvn -B install
2018-08-12 23:16:36,641 [Worker-20: Building workspace] INFO  o.e.m.c.i.embedder.EclipseLogger - Using 'UTF-8' encoding to copy filtered resources.
2018-08-12 23:16:36,644 [Worker-20: Building workspace] INFO  o.e.m.c.i.embedder.EclipseLogger - Copying 1 resource
2018-08-12 23:16:36,648 [Worker-20: Building workspace] INFO  o.e.m.c.i.embedder.EclipseLogger - Copying 0 resource
2018-08-12 23:16:36,650 [Worker-20: Building workspace] INFO  o.e.m.c.i.embedder.EclipseLogger - Using 'UTF-8' encoding to copy filtered resources.
2018-08-12 23:16:36,650 [Worker-20: Building workspace] INFO  o.e.m.c.i.embedder.EclipseLogger - skip non existing resourceDirectory C:\githome\barcode\server\src\test\resources
2018-08-12 23:17:06,775 [Worker-14: Building workspace] INFO  o.e.m.c.i.l.LifecycleMappingFactory - Using org.eclipse.m2e.jdt.JarLifecycleMapping lifecycle mapping for MavenProject: com.rfxcel.em:server:0.0.1-SNAPSHOT @ C:\githome\barcode\server\pom.xml.
2018-08-12 23:17:07,175 [Worker-14: Building workspace] INFO  o.e.m.c.i.embedder.EclipseLogger - Using 'UTF-8' encoding to copy filtered resources.
2018-08-12 23:17:07,181 [Worker-14: Building workspace] INFO  o.e.m.c.i.embedder.EclipseLogger - Copying 0 resource
2018-08-12 23:17:07,185 [Worker-14: Building workspace] INFO  o.e.m.c.i.embedder.EclipseLogger - Copying 0 resource
2018-08-12 23:17:07,187 [Worker-14: Building workspace] INFO  o.e.m.c.i.embedder.EclipseLogger - Using 'UTF-8' encoding to copy filtered resources.
2018-08-12 23:17:07,191 [Worker-14: Building workspace] INFO  o.e.m.c.i.embedder.EclipseLogger - skip non existing resourceDirectory C:\githome\barcode\server\src\test\resources
2018-08-12 23:17:08,645 [Worker-18: Building workspace] INFO  o.e.m.c.i.embedder.EclipseLogger - Using 'UTF-8' encoding to copy filtered resources.
2018-08-12 23:17:08,646 [Worker-18: Building workspace] INFO  o.e.m.c.i.embedder.EclipseLogger - Copying 1 resource
2018-08-12 23:17:08,655 [Worker-18: Building workspace] INFO  o.e.m.c.i.embedder.EclipseLogger - Copying 0 resource
2018-08-12 23:17:08,660 [Worker-18: Building workspace] INFO  o.e.m.c.i.embedder.EclipseLogger - Using 'UTF-8' encoding to copy filtered resources.
2018-08-12 23:17:08,664 [Worker-18: Building workspace] INFO  o.e.m.c.i.embedder.EclipseLogger - skip non existing resourceDirectory C:\githome\barcode\server\src\test\resources
2018-08-12 23:19:00,546 [Worker-11: Building workspace] INFO  o.e.m.c.i.embedder.EclipseLogger - Using 'UTF-8' encoding to copy filtered resources.
2018-08-12 23:19:00,548 [Worker-11: Building workspace] INFO  o.e.m.c.i.embedder.EclipseLogger - Copying 1 resource
2018-08-12 23:19:00,554 [Worker-11: Building workspace] INFO  o.e.m.c.i.embedder.EclipseLogger - Copying 0 resource
2018-08-12 23:19:00,561 [Worker-11: Building workspace] INFO  o.e.m.c.i.embedder.EclipseLogger - Using 'UTF-8' encoding to copy filtered resources.
2018-08-12 23:19:00,566 [Worker-11: Building workspace] INFO  o.e.m.c.i.embedder.EclipseLogger - skip non existing resourceDirectory C:\githome\barcode\server\src\test\resources
2018-08-12 23:19:35,551 [Worker-17: Building workspace] INFO  o.e.m.c.i.embedder.EclipseLogger - Using 'UTF-8' encoding to copy filtered resources.
2018-08-12 23:19:35,557 [Worker-17: Building workspace] INFO  o.e.m.c.i.embedder.EclipseLogger - Copying 1 resource
2018-08-12 23:19:35,565 [Worker-17: Building workspace] INFO  o.e.m.c.i.embedder.EclipseLogger - Copying 0 resource
2018-08-12 23:19:35,570 [Worker-17: Building workspace] INFO  o.e.m.c.i.embedder.EclipseLogger - Using 'UTF-8' encoding to copy filtered resources.
2018-08-12 23:19:35,570 [Worker-17: Building workspace] INFO  o.e.m.c.i.embedder.EclipseLogger - skip non existing resourceDirectory C:\githome\barcode\server\src\test\resources
2018-08-12 23:20:57,942 [Worker-2: Launching ServerApplication] INFO  o.e.m.c.i.embedder.EclipseLogger - Using 'UTF-8' encoding to copy filtered resources.
2018-08-12 23:20:57,943 [Worker-2: Launching ServerApplication] INFO  o.e.m.c.i.embedder.EclipseLogger - Copying 1 resource
2018-08-12 23:20:57,944 [Worker-2: Launching ServerApplication] INFO  o.e.m.c.i.embedder.EclipseLogger - Copying 0 resource
2018-08-12 23:20:57,946 [Worker-2: Launching ServerApplication] INFO  o.e.m.c.i.embedder.EclipseLogger - Using 'UTF-8' encoding to copy filtered resources.
2018-08-12 23:20:57,946 [Worker-2: Launching ServerApplication] INFO  o.e.m.c.i.embedder.EclipseLogger - skip non existing resourceDirectory C:\githome\barcode\server\src\test\resources
2018-08-12 23:23:19,436 [Worker-1: Launching Executing install in C__githome_barcode_server] INFO  o.e.m.i.launch.MavenLaunchDelegate - C:\githome\barcode\server
2018-08-12 23:23:19,436 [Worker-1: Launching Executing install in C__githome_barcode_server] INFO  o.e.m.i.launch.MavenLaunchDelegate -  mvn -B install
